0 info it worked if it ends with ok
1 verbose cli [ 'C:\\Program Files\\nodejs\\node.exe',
1 verbose cli   'C:\\Program Files\\nodejs\\node_modules\\npm\\bin\\npm-cli.js',
1 verbose cli   'run',
1 verbose cli   'dev' ]
2 info using npm@3.10.10
3 info using node@v6.11.2
4 verbose run-script [ 'predev', 'dev', 'postdev' ]
5 info lifecycle nasa@1.0.0~predev: nasa@1.0.0
6 silly lifecycle nasa@1.0.0~predev: no script for predev, continuing
7 info lifecycle nasa@1.0.0~dev: nasa@1.0.0
8 verbose lifecycle nasa@1.0.0~dev: unsafe-perm in lifecycle true
9 verbose lifecycle nasa@1.0.0~dev: PATH: C:\Program Files\nodejs\node_modules\npm\bin\node-gyp-bin;D:\New folder\node.js\nasa\node_modules\.bin;C:\Windows\system32;C:\Windows;C:\Windows\System32\Wbem;C:\Windows\System32\WindowsPowerShell\v1.0\;C:\Program Files (x86)\NVIDIA Corporation\PhysX\Common;C:\Program Files\nodejs\;C:\Users\dubey\AppData\Roaming\npm
10 verbose lifecycle nasa@1.0.0~dev: CWD: D:\New folder\node.js\nasa
11 silly lifecycle nasa@1.0.0~dev: Args: [ '/d /s /c', 'node build/dev-server.js' ]
12 silly lifecycle nasa@1.0.0~dev: Returned: code: 1  signal: null
13 info lifecycle nasa@1.0.0~dev: Failed to exec dev script
14 verbose stack Error: nasa@1.0.0 dev: `node build/dev-server.js`
14 verbose stack Exit status 1
14 verbose stack     at EventEmitter.<anonymous> (C:\Program Files\nodejs\node_modules\npm\lib\utils\lifecycle.js:255:16)
14 verbose stack     at emitTwo (events.js:106:13)
14 verbose stack     at EventEmitter.emit (events.js:191:7)
14 verbose stack     at ChildProcess.<anonymous> (C:\Program Files\nodejs\node_modules\npm\lib\utils\spawn.js:40:14)
14 verbose stack     at emitTwo (events.js:106:13)
14 verbose stack     at ChildProcess.emit (events.js:191:7)
14 verbose stack     at maybeClose (internal/child_process.js:891:16)
14 verbose stack     at Process.ChildProcess._handle.onexit (internal/child_process.js:226:5)
15 verbose pkgid nasa@1.0.0
16 verbose cwd D:\New folder\node.js\nasa
17 error Windows_NT 10.0.10586
18 error argv "C:\\Program Files\\nodejs\\node.exe" "C:\\Program Files\\nodejs\\node_modules\\npm\\bin\\npm-cli.js" "run" "dev"
19 error node v6.11.2
20 error npm  v3.10.10
21 error code ELIFECYCLE
22 error nasa@1.0.0 dev: `node build/dev-server.js`
22 error Exit status 1
23 error Failed at the nasa@1.0.0 dev script 'node build/dev-server.js'.
23 error Make sure you have the latest version of node.js and npm installed.
23 error If you do, this is most likely a problem with the nasa package,
23 error not with npm itself.
23 error Tell the author that this fails on your system:
23 error     node build/dev-server.js
23 error You can get information on how to open an issue for this project with:
23 error     npm bugs nasa
23 error Or if that isn't available, you can get their info via:
23 error     npm owner ls nasa
23 error There is likely additional logging output above.
24 verbose exit [ 1, true ]
